{
  "RSpec": {
    "coverage": {
      "/home/bohdan/cursor/cursor_rails1/app/models/user.rb": [
        1,
        1,
        null,
        null,
        null,
        1,
        null,
        null,
        null,
        null,
        null,
        null,
        null,
        1,
        null,
        1,
        0,
        0,
        0,
        0,
        null,
        null,
        0,
        null,
        null,
        1,
        null,
        1,
        15,
        15,
        15,
        15,
        15,
        15,
        15,
        15,
        null,
        null
      ],
      "/home/bohdan/cursor/cursor_rails1/app/helpers/application_helper.rb": [
        1,
        null
      ],
      "/home/bohdan/cursor/cursor_rails1/app/helpers/products_helper.rb": [
        1,
        1,
        2,
        1,
        null,
        null,
        1,
        0,
        null,
        null
      ],
      "/home/bohdan/cursor/cursor_rails1/app/controllers/accounts_controller.rb": [
        1,
        1,
        1,
        null,
        null,
        null,
        1,
        1,
        null,
        null,
        null,
        null,
        1,
        null,
        null,
        null,
        1,
        1,
        null,
        null,
        null,
        1,
        null,
        null,
        null,
        null,
        1,
        2,
        null,
        2,
        2,
        1,
        1,
        2,
        1,
        null,
        2,
        1,
        null,
        null,
        null,
        null,
        null,
        null,
        1,
        2,
        2,
        1,
        2,
        1,
        null,
        2,
        1,
        null,
        null,
        null,
        null,
        null,
        null,
        1,
        1,
        1,
        1,
        2,
        1,
        null,
        null,
        null,
        1,
        null,
        1,
        3,
        null,
        null,
        null,
        1,
        4,
        null,
        null
      ],
      "/home/bohdan/cursor/cursor_rails1/app/controllers/application_controller.rb": [
        1,
        null,
        null,
        1,
        null,
        null,
        null,
        1,
        null,
        1,
        null,
        null,
        null,
        null,
        null,
        null,
        1,
        17,
        17,
        null,
        null,
        null
      ],
      "/home/bohdan/cursor/cursor_rails1/app/controllers/carts_controller.rb": [
        1,
        1,
        null,
        1,
        1,
        null,
        null,
        1,
        0,
        null,
        null,
        1,
        0,
        0,
        null,
        null,
        1,
        1,
        null,
        null,
        1,
        1,
        1,
        1,
        0,
        null,
        null,
        null,
        1,
        null,
        1,
        2,
        null,
        null
      ],
      "/home/bohdan/cursor/cursor_rails1/app/controllers/products_controller.rb": [
        1,
        1,
        1,
        null,
        1,
        1,
        null,
        null,
        null,
        1,
        1,
        null,
        null,
        1,
        null,
        null,
        1,
        2,
        1,
        null,
        1,
        null,
        null,
        null,
        1,
        2,
        null,
        2,
        1,
        1,
        null,
        1,
        null,
        null,
        null,
        1,
        null,
        null,
        1,
        1,
        1,
        1,
        null,
        null,
        1,
        null,
        1,
        4,
        null,
        null,
        1,
        3,
        null,
        null
      ],
      "/home/bohdan/cursor/cursor_rails1/app/mailers/account_mailer.rb": [
        1,
        1,
        null,
        1,
        1,
        1,
        1,
        null,
        null,
        null
      ],
      "/home/bohdan/cursor/cursor_rails1/app/mailers/application_mailer.rb": [
        1,
        1,
        1,
        null
      ],
      "/home/bohdan/cursor/cursor_rails1/app/mailers/order_mailer.rb": [
        1,
        null,
        1,
        1,
        1,
        1,
        1,
        null,
        null,
        null
      ],
      "/home/bohdan/cursor/cursor_rails1/app/models/account.rb": [
        1,
        1,
        1,
        null,
        1,
        1,
        null,
        1,
        1,
        1,
        null
      ],
      "/home/bohdan/cursor/cursor_rails1/app/models/cart.rb": [
        1,
        1,
        null,
        1,
        null
      ],
      "/home/bohdan/cursor/cursor_rails1/app/models/friendship.rb": [
        1,
        1,
        1,
        null,
        1,
        1,
        null,
        1,
        0,
        null,
        null,
        1,
        0,
        null,
        null,
        1,
        0,
        null,
        null,
        1,
        0,
        null,
        null,
        1,
        0,
        null,
        null
      ],
      "/home/bohdan/cursor/cursor_rails1/app/models/product.rb": [
        1,
        1,
        null,
        1,
        1,
        null,
        1,
        1,
        null
      ],
      "/home/bohdan/cursor/cursor_rails1/app/controllers/users/omniauth_callbacks_controller.rb": [
        0,
        0,
        0,
        0,
        0,
        0,
        0,
        0,
        0,
        0,
        0,
        0,
        0
      ]
    },
    "timestamp": 1469217400
  }
}
