{
  "RSpec": {
    "coverage": {
      "/home/bohdan/cursor/cursor_rails1/app/helpers/accounts_helper.rb": [
        1,
        null
      ],
      "/home/bohdan/cursor/cursor_rails1/app/helpers/application_helper.rb": [
        1,
        null
      ],
      "/home/bohdan/cursor/cursor_rails1/app/helpers/carts_helper.rb": [
        1,
        null
      ],
      "/home/bohdan/cursor/cursor_rails1/app/helpers/products_helper.rb": [
        1,
        1,
        0,
        0,
        null,
        null,
        1,
        0,
        null,
        null
      ],
      "/home/bohdan/cursor/cursor_rails1/app/controllers/carts_controller.rb": [
        1,
        null,
        1,
        0,
        null,
        null,
        1,
        0,
        null,
        null
      ],
      "/home/bohdan/cursor/cursor_rails1/app/controllers/application_controller.rb": [
        1,
        1,
        null,
        null,
        null,
        1,
        null,
        1,
        null,
        1,
        0,
        null,
        null
      ],
      "/home/bohdan/cursor/cursor_rails1/app/models/cart.rb": [
        1,
        1,
        null,
        1,
        null
      ],
      "/home/bohdan/cursor/cursor_rails1/app/models/account.rb": [
        0,
        0,
        0,
        0,
        0,
        0,
        0,
        0,
        0,
        0
      ],
      "/home/bohdan/cursor/cursor_rails1/app/models/product.rb": [
        0,
        0,
        0,
        0,
        0,
        0
      ],
      "/home/bohdan/cursor/cursor_rails1/app/models/friendship.rb": [
        0,
        0,
        0,
        0,
        0,
        0,
        0,
        0,
        0,
        0,
        0,
        0,
        0,
        0,
        0,
        0,
        0,
        0,
        0,
        0,
        0,
        0,
        0,
        0,
        0,
        0,
        0
      ],
      "/home/bohdan/cursor/cursor_rails1/app/controllers/products_controller.rb": [
        0,
        0,
        0,
        0,
        0,
        0,
        0,
        0,
        0,
        0,
        0,
        0,
        0,
        0,
        0,
        0,
        0,
        0,
        0,
        0,
        0,
        0,
        0,
        0,
        0,
        0,
        0,
        0,
        0,
        0,
        0,
        0,
        0,
        0,
        0,
        0,
        0,
        0,
        0,
        0,
        0,
        0,
        0,
        0,
        0,
        0,
        0,
        0,
        0,
        0,
        0,
        0,
        0,
        0,
        0,
        0,
        0,
        0
      ],
      "/home/bohdan/cursor/cursor_rails1/app/controllers/accounts_controller.rb": [
        0,
        0,
        0,
        0,
        0,
        0,
        0,
        0,
        0,
        0,
        0,
        0,
        0,
        0,
        0,
        0,
        0,
        0,
        0,
        0,
        0,
        0,
        0,
        0,
        0,
        0,
        0,
        0,
        0,
        0,
        0,
        0,
        0,
        0,
        0,
        0,
        0,
        0,
        0,
        0,
        0,
        0,
        0,
        0,
        0,
        0,
        0,
        0,
        0,
        0,
        0,
        0,
        0,
        0,
        0,
        0,
        0,
        0,
        0,
        0,
        0,
        0,
        0,
        0,
        0,
        0,
        0,
        0,
        0,
        0,
        0,
        0,
        0,
        0
      ]
    },
    "timestamp": 1467890185
  }
}
